Determining if the pthread_create exist failed with the following output:
Change Dir: /home/shadic/RSD_WS/build/CMakeFiles/CMakeTmp

Run Build Command:"/usr/bin/make" "cmTC_81b92/fast"
/usr/bin/make -f CMakeFiles/cmTC_81b92.dir/build.make CMakeFiles/cmTC_81b92.dir/build
make[1]: Entering directory '/home/shadic/RSD_WS/build/CMakeFiles/CMakeTmp'
Building C object CMakeFiles/cmTC_81b92.dir/CheckSymbolExists.c.o
/usr/bin/cc    -o CMakeFiles/cmTC_81b92.dir/CheckSymbolExists.c.o   -c /home/shadic/RSD_WS/build/CMakeFiles/CMakeTmp/CheckSymbolExists.c
Linking C executable cmTC_81b92
/usr/bin/cmake -E cmake_link_script CMakeFiles/cmTC_81b92.dir/link.txt --verbose=1
/usr/bin/cc      -rdynamic CMakeFiles/cmTC_81b92.dir/CheckSymbolExists.c.o  -o cmTC_81b92 
CMakeFiles/cmTC_81b92.dir/CheckSymbolExists.c.o: In function `main':
CheckSymbolExists.c:(.text+0x1b): undefined reference to `pthread_create'
collect2: error: ld returned 1 exit status
CMakeFiles/cmTC_81b92.dir/build.make:97: recipe for target 'cmTC_81b92' failed
make[1]: *** [cmTC_81b92] Error 1
make[1]: Leaving directory '/home/shadic/RSD_WS/build/CMakeFiles/CMakeTmp'
Makefile:126: recipe for target 'cmTC_81b92/fast' failed
make: *** [cmTC_81b92/fast] Error 2

File /home/shadic/RSD_WS/build/CMakeFiles/CMakeTmp/CheckSymbolExists.c:
/* */
#include <pthread.h>

int main(int argc, char** argv)
{
  (void)argv;
#ifndef pthread_create
  return ((int*)(&pthread_create))[argc];
#else
  (void)argc;
  return 0;
#endif
}

Determining if the function pthread_create exists in the pthreads failed with the following output:
Change Dir: /home/shadic/RSD_WS/build/CMakeFiles/CMakeTmp

Run Build Command:"/usr/bin/make" "cmTC_e79a0/fast"
/usr/bin/make -f CMakeFiles/cmTC_e79a0.dir/build.make CMakeFiles/cmTC_e79a0.dir/build
make[1]: Entering directory '/home/shadic/RSD_WS/build/CMakeFiles/CMakeTmp'
Building C object CMakeFiles/cmTC_e79a0.dir/CheckFunctionExists.c.o
/usr/bin/cc   -DCHECK_FUNCTION_EXISTS=pthread_create   -o CMakeFiles/cmTC_e79a0.dir/CheckFunctionExists.c.o   -c /usr/share/cmake-3.10/Modules/CheckFunctionExists.c
Linking C executable cmTC_e79a0
/usr/bin/cmake -E cmake_link_script CMakeFiles/cmTC_e79a0.dir/link.txt --verbose=1
/usr/bin/cc  -DCHECK_FUNCTION_EXISTS=pthread_create    -rdynamic CMakeFiles/cmTC_e79a0.dir/CheckFunctionExists.c.o  -o cmTC_e79a0 -lpthreads 
/usr/bin/ld: cannot find -lpthreads
collect2: error: ld returned 1 exit status
CMakeFiles/cmTC_e79a0.dir/build.make:97: recipe for target 'cmTC_e79a0' failed
make[1]: *** [cmTC_e79a0] Error 1
make[1]: Leaving directory '/home/shadic/RSD_WS/build/CMakeFiles/CMakeTmp'
Makefile:126: recipe for target 'cmTC_e79a0/fast' failed
make: *** [cmTC_e79a0/fast] Error 2


